<?xml version="1.0" encoding="UTF-8"?>
<Site BuildName="Linux-c++"
	BuildStamp="20240407-0707-Experimental"
	Name="lauri-Nitro-N50-600"
	Generator="ctest-3.25.1"
	CompilerName="/usr/bin/c++"
	CompilerVersion="11.4.0"
	OSName="Linux"
	Hostname="lauri-Nitro-N50-600"
	OSRelease="5.15.0-101-generic"
	OSVersion="#111-Ubuntu SMP Tue Mar 5 20:16:58 UTC 2024"
	OSPlatform="x86_64"
	Is64Bits="1"
	VendorString="GenuineIntel"
	VendorID="Intel Corporation"
	FamilyID="6"
	ModelID="158"
	ProcessorCacheSize="9216"
	NumberOfLogicalCPU="6"
	NumberOfPhysicalCPU="6"
	TotalVirtualMemory="2047"
	TotalPhysicalMemory="7850"
	LogicalProcessorsPerPhysical="1"
	ProcessorClockFrequency="2900"
	>
	<Testing>
		<StartDateTime>Apr 07 10:11 EEST</StartDateTime>
		<StartTestTime>1712473901</StartTestTime>
		<TestList/>
		<EndDateTime>Apr 07 10:11 EEST</EndDateTime>
		<EndTestTime>1712473901</EndTestTime>
		<ElapsedMinutes>0</ElapsedMinutes>
	</Testing>
</Site>
