<?xml version="1.0" encoding="UTF-8"?>
<Site BuildName="Linux-c++"
	BuildStamp="20240414-0800-Experimental"
	Name="lauri-Nitro-N50-600"
	Generator="ctest-3.25.1"
	CompilerName="/usr/bin/c++"
	CompilerVersion="11.4.0"
	OSName="Linux"
	Hostname="lauri-Nitro-N50-600"
	OSRelease="5.15.0-102-generic"
	OSVersion="#112-Ubuntu SMP Tue Mar 5 16:50:32 UTC 2024"
	OSPlatform="x86_64"
	Is64Bits="1"
	VendorString="GenuineIntel"
	VendorID="Intel Corporation"
	FamilyID="6"
	ModelID="158"
	ProcessorCacheSize="9216"
	NumberOfLogicalCPU="6"
	NumberOfPhysicalCPU="6"
	TotalVirtualMemory="2047"
	TotalPhysicalMemory="7850"
	LogicalProcessorsPerPhysical="1"
	ProcessorClockFrequency="3906.76"
	>
	<Testing>
		<StartDateTime>Apr 14 11:00 EEST</StartDateTime>
		<StartTestTime>1713081623</StartTestTime>
		<TestList/>
		<EndDateTime>Apr 14 11:00 EEST</EndDateTime>
		<EndTestTime>1713081623</EndTestTime>
		<ElapsedMinutes>0</ElapsedMinutes>
	</Testing>
</Site>
