<?xml version="1.0" encoding="UTF-8"?>
<Site BuildName="Linux-c++"
	BuildStamp="20240421-0548-Experimental"
	Name="lauri-Nitro-N50-600"
	Generator="ctest-3.25.1"
	CompilerName="/usr/bin/c++"
	CompilerVersion="11.4.0"
	OSName="Linux"
	Hostname="lauri-Nitro-N50-600"
	OSRelease="5.15.0-105-generic"
	OSVersion="#115-Ubuntu SMP Mon Apr 15 09:52:04 UTC 2024"
	OSPlatform="x86_64"
	Is64Bits="1"
	VendorString="GenuineIntel"
	VendorID="Intel Corporation"
	FamilyID="6"
	ModelID="158"
	ProcessorCacheSize="9216"
	NumberOfLogicalCPU="6"
	NumberOfPhysicalCPU="6"
	TotalVirtualMemory="2047"
	TotalPhysicalMemory="7850"
	LogicalProcessorsPerPhysical="1"
	ProcessorClockFrequency="2900"
	>
	<Testing>
		<StartDateTime>Apr 21 20:04 EEST</StartDateTime>
		<StartTestTime>1713719052</StartTestTime>
		<TestList/>
		<EndDateTime>Apr 21 20:04 EEST</EndDateTime>
		<EndTestTime>1713719052</EndTestTime>
		<ElapsedMinutes>0</ElapsedMinutes>
	</Testing>
</Site>
